<?xml version="1.0" encoding="UTF-8"?>
<!-- Generated by org.testng.reporters.JUnitXMLReporter -->
<testsuite hostname="Mukhesh" ignored="0" name="Default test" tests="4" failures="0" timestamp="23 Dec 2019 06:14:19 GMT" time="9.913" errors="0">
  <testcase name="createEmployees" time="4.242" classname="com.qa.Tests.TC010_PostRequest_Excel"/>
  <testcase name="createEmployees" time="0.953" classname="com.qa.Tests.TC010_PostRequest_Excel"/>
  <testcase name="createEmployees" time="0.905" classname="com.qa.Tests.TC010_PostRequest_Excel"/>
  <testcase name="createEmployees" time="0.965" classname="com.qa.Tests.TC010_PostRequest_Excel"/>
</testsuite> <!-- Default test -->
